{
  "stats": {
    "suites": 1,
    "tests": 1,
    "passes": 1,
    "pending": 0,
    "failures": 0,
    "start": "2023-01-04T10:00:49.691Z",
    "end": "2023-01-04T10:00:52.375Z",
    "duration": 2684,
    "testsRegistered": 1,
    "passPercent": 100,
    "pendingPercent": 0,
    "other": 0,
    "hasOther": false,
    "skipped": 0,
    "hasSkipped": false
  },
  "results": [
    {
      "uuid": "e8d756e2-fa1c-4ae2-a8bc-481582eab8f8",
      "title": "",
      "fullFile": "cypress\\projects\\gwm\\e2e\\spec.cy.js",
      "file": "cypress\\projects\\gwm\\e2e\\spec.cy.js",
      "beforeHooks": [],
      "afterHooks": [],
      "tests": [],
      "suites": [
        {
          "uuid": "c92e473b-a766-4552-b559-ab85a3656197",
          "title": "",
          "fullFile": "",
          "file": "",
          "beforeHooks": [],
          "afterHooks": [],
          "tests": [
            {
              "title": "",
              "fullTitle": " ",
              "timedOut": null,
              "duration": 2637,
              "state": "passed",
              "speed": "fast",
              "pass": true,
              "fail": false,
              "pending": false,
              "context": null,
              "code": "cy.fixture('data').then(data => {\n  cy.visit(data.url);\n});",
              "err": {},
              "uuid": "c139cfb7-a453-423a-b717-19cfbaddb511",
              "parentUUID": "c92e473b-a766-4552-b559-ab85a3656197",
              "isHook": false,
              "skipped": false
            }
          ],
          "suites": [],
          "passes": [
            "c139cfb7-a453-423a-b717-19cfbaddb511"
          ],
          "failures": [],
          "pending": [],
          "skipped": [],
          "duration": 2637,
          "root": false,
          "rootEmpty": false,
          "_timeout": 2000
        }
      ],
      "passes": [],
      "failures": [],
      "pending": [],
      "skipped": [],
      "duration": 0,
      "root": true,
      "rootEmpty": true,
      "_timeout": 2000
    }
  ],
  "meta": {
    "mocha": {
      "version": "7.0.1"
    },
    "mochawesome": {
      "options": {
        "quiet": false,
        "reportFilename": "mochawesome",
        "saveHtml": false,
        "saveJson": true,
        "consoleReporter": "spec",
        "useInlineDiffs": false,
        "code": true
      },
      "version": "7.1.3"
    },
    "marge": {
      "options": {
        "reportDir": "cypress/results",
        "overwrite": false,
        "html": false,
        "json": true
      },
      "version": "6.2.0"
    }
  }
}